<?xml version="1.0" encoding="UTF-8"?>
<testsuites name="New_clientScenario" time="0.208" tests="0" failures="0" errors="0">
   <testsuite name="New_clientScenario" tests="0" failures="0" errors="0" time="0.208" timestamp="2020-03-17 14:13:16" hostname="user - DESKTOP-VS7DR70" id="Test Suites/New_clientScenario">
      <properties>
         <property name="deviceName" value=""/>
         <property name="devicePlatform" value=""/>
         <property name="logFolder" value="C:\\Users\\user\\Katalon Studio\\Prep_Kenyaemr\\Reports\\20200317_141305\\New_clientScenario\\20200317_141305"/>
         <property name="logFiles" value="C:\\Users\\user\\Katalon Studio\\Prep_Kenyaemr\\Reports\\20200317_141305\\New_clientScenario\\20200317_141305\\execution0.log"/>
         <property name="attachments" value=""/>
         <property name="hostName" value="user - DESKTOP-VS7DR70"/>
         <property name="hostAddress" value="169.254.115.233"/>
         <property name="os" value="Windows 10 64bit"/>
         <property name="katalonVersion" value="null.null"/>
      </properties>
      <system-out><![CDATA[2020-03-17 14:13:16 - [TEST_SUITE][PASSED] - New_clientScenario: null]]></system-out>
      <system-err><![CDATA[]]></system-err>
   </testsuite>
</testsuites>
