<?xml version="1.0" encoding="UTF-8"?>
<testsuites name="New_clientScenario" time="0.256" tests="0" failures="0" errors="0">
   <testsuite name="New_clientScenario" tests="0" failures="0" errors="0" time="0.256" timestamp="2020-03-17 14:09:32" hostname="user - DESKTOP-VS7DR70" id="Test Suites/New_clientScenario">
      <properties>
         <property name="deviceName" value=""/>
         <property name="devicePlatform" value=""/>
         <property name="logFolder" value="C:\\Users\\user\\Katalon Studio\\Prep_Kenyaemr\\Reports\\20200317_140920\\New_clientScenario\\20200317_140920"/>
         <property name="logFiles" value="C:\\Users\\user\\Katalon Studio\\Prep_Kenyaemr\\Reports\\20200317_140920\\New_clientScenario\\20200317_140920\\execution0.log"/>
         <property name="attachments" value=""/>
         <property name="hostName" value="user - DESKTOP-VS7DR70"/>
         <property name="hostAddress" value="169.254.115.233"/>
         <property name="os" value="Windows 10 64bit"/>
         <property name="katalonVersion" value="7.2.6.1"/>
      </properties>
      <system-out><![CDATA[2020-03-17 14:09:32 - [TEST_SUITE][PASSED] - New_clientScenario: null]]></system-out>
      <system-err><![CDATA[]]></system-err>
   </testsuite>
</testsuites>
